2023-07-11 16:14:23,437 WARNING From D:\Anaconda_Files\envs\tf-gpu\lib\site-packages\tensorflow\python\compat\v2_compat.py:107: disable_resource_variables (from tensorflow.python.ops.variable_scope) is deprecated and will be removed in a future version.
Instructions for updating:
non-resource variables are not supported in the long term
2023-07-11 16:15:26,777 WARNING From D:\Anaconda_Files\envs\tf-gpu\lib\site-packages\tensorflow\python\compat\v2_compat.py:107: disable_resource_variables (from tensorflow.python.ops.variable_scope) is deprecated and will be removed in a future version.
Instructions for updating:
non-resource variables are not supported in the long term
2023-07-11 16:17:22,858 WARNING From D:\Anaconda_Files\envs\tf-gpu\lib\site-packages\tensorflow\python\compat\v2_compat.py:107: disable_resource_variables (from tensorflow.python.ops.variable_scope) is deprecated and will be removed in a future version.
Instructions for updating:
non-resource variables are not supported in the long term
2023-07-11 16:20:39,080 WARNING From D:\Anaconda_Files\envs\tf-gpu\lib\site-packages\tensorflow\python\compat\v2_compat.py:107: disable_resource_variables (from tensorflow.python.ops.variable_scope) is deprecated and will be removed in a future version.
Instructions for updating:
non-resource variables are not supported in the long term
2023-07-11 16:21:29,396 WARNING From D:\Anaconda_Files\envs\tf-gpu\lib\site-packages\tensorflow\python\compat\v2_compat.py:107: disable_resource_variables (from tensorflow.python.ops.variable_scope) is deprecated and will be removed in a future version.
Instructions for updating:
non-resource variables are not supported in the long term
2023-07-11 16:21:51,102 WARNING From D:\Anaconda_Files\envs\tf-gpu\lib\site-packages\tensorflow\python\compat\v2_compat.py:107: disable_resource_variables (from tensorflow.python.ops.variable_scope) is deprecated and will be removed in a future version.
Instructions for updating:
non-resource variables are not supported in the long term
2023-07-11 16:22:13,094 WARNING From D:\Anaconda_Files\envs\tf-gpu\lib\site-packages\tensorflow\python\compat\v2_compat.py:107: disable_resource_variables (from tensorflow.python.ops.variable_scope) is deprecated and will be removed in a future version.
Instructions for updating:
non-resource variables are not supported in the long term
2023-07-11 16:23:36,464 WARNING From D:\Anaconda_Files\envs\tf-gpu\lib\site-packages\tensorflow\python\compat\v2_compat.py:107: disable_resource_variables (from tensorflow.python.ops.variable_scope) is deprecated and will be removed in a future version.
Instructions for updating:
non-resource variables are not supported in the long term
2023-07-11 16:24:41,078 WARNING From D:\Anaconda_Files\envs\tf-gpu\lib\site-packages\tensorflow\python\compat\v2_compat.py:107: disable_resource_variables (from tensorflow.python.ops.variable_scope) is deprecated and will be removed in a future version.
Instructions for updating:
non-resource variables are not supported in the long term
2023-07-11 16:27:17,656 WARNING From D:\Anaconda_Files\envs\tf-gpu\lib\site-packages\tensorflow\python\compat\v2_compat.py:107: disable_resource_variables (from tensorflow.python.ops.variable_scope) is deprecated and will be removed in a future version.
Instructions for updating:
non-resource variables are not supported in the long term
2023-07-11 16:31:52,486 WARNING From D:\Anaconda_Files\envs\tf-gpu\lib\site-packages\tensorflow\python\compat\v2_compat.py:107: disable_resource_variables (from tensorflow.python.ops.variable_scope) is deprecated and will be removed in a future version.
Instructions for updating:
non-resource variables are not supported in the long term
2023-07-11 16:32:11,279 WARNING From D:\Anaconda_Files\envs\tf-gpu\lib\site-packages\tensorflow\python\compat\v2_compat.py:107: disable_resource_variables (from tensorflow.python.ops.variable_scope) is deprecated and will be removed in a future version.
Instructions for updating:
non-resource variables are not supported in the long term
2023-07-11 16:33:35,838 WARNING From D:\Anaconda_Files\envs\tf-gpu\lib\site-packages\tensorflow\python\compat\v2_compat.py:107: disable_resource_variables (from tensorflow.python.ops.variable_scope) is deprecated and will be removed in a future version.
Instructions for updating:
non-resource variables are not supported in the long term
2023-07-11 16:33:53,247 WARNING From D:\Anaconda_Files\envs\tf-gpu\lib\site-packages\tensorflow\python\compat\v2_compat.py:107: disable_resource_variables (from tensorflow.python.ops.variable_scope) is deprecated and will be removed in a future version.
Instructions for updating:
non-resource variables are not supported in the long term
2023-07-11 16:34:33,801 WARNING From D:\Anaconda_Files\envs\tf-gpu\lib\site-packages\tensorflow\python\compat\v2_compat.py:107: disable_resource_variables (from tensorflow.python.ops.variable_scope) is deprecated and will be removed in a future version.
Instructions for updating:
non-resource variables are not supported in the long term
2023-07-11 18:11:23,564 WARNING From D:\Anaconda_Files\envs\tf-gpu\lib\site-packages\tensorflow\python\compat\v2_compat.py:107: disable_resource_variables (from tensorflow.python.ops.variable_scope) is deprecated and will be removed in a future version.
Instructions for updating:
non-resource variables are not supported in the long term
2023-07-11 18:16:50,844 WARNING From D:\Anaconda_Files\envs\tf-gpu\lib\site-packages\tensorflow\python\compat\v2_compat.py:107: disable_resource_variables (from tensorflow.python.ops.variable_scope) is deprecated and will be removed in a future version.
Instructions for updating:
non-resource variables are not supported in the long term
2023-07-11 18:18:13,878 WARNING From D:\Anaconda_Files\envs\tf-gpu\lib\site-packages\tensorflow\python\compat\v2_compat.py:107: disable_resource_variables (from tensorflow.python.ops.variable_scope) is deprecated and will be removed in a future version.
Instructions for updating:
non-resource variables are not supported in the long term
2023-07-11 18:18:46,604 WARNING From D:\Anaconda_Files\envs\tf-gpu\lib\site-packages\tensorflow\python\compat\v2_compat.py:107: disable_resource_variables (from tensorflow.python.ops.variable_scope) is deprecated and will be removed in a future version.
Instructions for updating:
non-resource variables are not supported in the long term
2023-07-11 18:22:00,627 WARNING From D:\Anaconda_Files\envs\tf-gpu\lib\site-packages\tensorflow\python\compat\v2_compat.py:107: disable_resource_variables (from tensorflow.python.ops.variable_scope) is deprecated and will be removed in a future version.
Instructions for updating:
non-resource variables are not supported in the long term
2023-07-11 18:22:50,343 WARNING From D:\Anaconda_Files\envs\tf-gpu\lib\site-packages\tensorflow\python\compat\v2_compat.py:107: disable_resource_variables (from tensorflow.python.ops.variable_scope) is deprecated and will be removed in a future version.
Instructions for updating:
non-resource variables are not supported in the long term
2023-07-11 18:23:01,932 WARNING From D:\Anaconda_Files\envs\tf-gpu\lib\site-packages\tensorflow\python\compat\v2_compat.py:107: disable_resource_variables (from tensorflow.python.ops.variable_scope) is deprecated and will be removed in a future version.
Instructions for updating:
non-resource variables are not supported in the long term
2023-07-11 18:24:10,687 WARNING From D:\Anaconda_Files\envs\tf-gpu\lib\site-packages\tensorflow\python\compat\v2_compat.py:107: disable_resource_variables (from tensorflow.python.ops.variable_scope) is deprecated and will be removed in a future version.
Instructions for updating:
non-resource variables are not supported in the long term
2023-07-11 18:43:24,077 WARNING From D:\Anaconda_Files\envs\tf-gpu\lib\site-packages\tensorflow\python\compat\v2_compat.py:107: disable_resource_variables (from tensorflow.python.ops.variable_scope) is deprecated and will be removed in a future version.
Instructions for updating:
non-resource variables are not supported in the long term
2023-07-11 18:44:31,491 WARNING From D:\Anaconda_Files\envs\tf-gpu\lib\site-packages\tensorflow\python\compat\v2_compat.py:107: disable_resource_variables (from tensorflow.python.ops.variable_scope) is deprecated and will be removed in a future version.
Instructions for updating:
non-resource variables are not supported in the long term
2023-07-11 18:45:01,861 WARNING From D:\Anaconda_Files\envs\tf-gpu\lib\site-packages\tensorflow\python\compat\v2_compat.py:107: disable_resource_variables (from tensorflow.python.ops.variable_scope) is deprecated and will be removed in a future version.
Instructions for updating:
non-resource variables are not supported in the long term
2023-07-11 18:45:15,820 WARNING From D:\Anaconda_Files\envs\tf-gpu\lib\site-packages\tensorflow\python\compat\v2_compat.py:107: disable_resource_variables (from tensorflow.python.ops.variable_scope) is deprecated and will be removed in a future version.
Instructions for updating:
non-resource variables are not supported in the long term
2023-07-12 10:15:35,591 WARNING From D:\Anaconda_Files\envs\tf-gpu\lib\site-packages\tensorflow\python\compat\v2_compat.py:107: disable_resource_variables (from tensorflow.python.ops.variable_scope) is deprecated and will be removed in a future version.
Instructions for updating:
non-resource variables are not supported in the long term
2023-07-12 10:33:35,759 WARNING From D:\Anaconda_Files\envs\tf-gpu\lib\site-packages\tensorflow\python\compat\v2_compat.py:107: disable_resource_variables (from tensorflow.python.ops.variable_scope) is deprecated and will be removed in a future version.
Instructions for updating:
non-resource variables are not supported in the long term
2023-07-12 10:34:56,693 WARNING From D:\Anaconda_Files\envs\tf-gpu\lib\site-packages\tensorflow\python\compat\v2_compat.py:107: disable_resource_variables (from tensorflow.python.ops.variable_scope) is deprecated and will be removed in a future version.
Instructions for updating:
non-resource variables are not supported in the long term
2023-07-12 10:36:44,463 WARNING From D:\Anaconda_Files\envs\tf-gpu\lib\site-packages\tensorflow\python\compat\v2_compat.py:107: disable_resource_variables (from tensorflow.python.ops.variable_scope) is deprecated and will be removed in a future version.
Instructions for updating:
non-resource variables are not supported in the long term
2023-07-12 10:36:56,394 WARNING From D:\Anaconda_Files\envs\tf-gpu\lib\site-packages\tensorflow\python\compat\v2_compat.py:107: disable_resource_variables (from tensorflow.python.ops.variable_scope) is deprecated and will be removed in a future version.
Instructions for updating:
non-resource variables are not supported in the long term
2023-07-12 11:20:09,788 WARNING From D:\Anaconda_Files\envs\tf-gpu\lib\site-packages\tensorflow\python\compat\v2_compat.py:107: disable_resource_variables (from tensorflow.python.ops.variable_scope) is deprecated and will be removed in a future version.
Instructions for updating:
non-resource variables are not supported in the long term
2023-07-12 11:20:35,703 WARNING From D:\Anaconda_Files\envs\tf-gpu\lib\site-packages\tensorflow\python\compat\v2_compat.py:107: disable_resource_variables (from tensorflow.python.ops.variable_scope) is deprecated and will be removed in a future version.
Instructions for updating:
non-resource variables are not supported in the long term
2023-07-12 11:21:16,118 WARNING From D:\Anaconda_Files\envs\tf-gpu\lib\site-packages\tensorflow\python\compat\v2_compat.py:107: disable_resource_variables (from tensorflow.python.ops.variable_scope) is deprecated and will be removed in a future version.
Instructions for updating:
non-resource variables are not supported in the long term
2023-07-12 11:21:36,968 WARNING From D:\Anaconda_Files\envs\tf-gpu\lib\site-packages\tensorflow\python\compat\v2_compat.py:107: disable_resource_variables (from tensorflow.python.ops.variable_scope) is deprecated and will be removed in a future version.
Instructions for updating:
non-resource variables are not supported in the long term
2023-07-12 11:21:48,407 WARNING From D:\Anaconda_Files\envs\tf-gpu\lib\site-packages\tensorflow\python\compat\v2_compat.py:107: disable_resource_variables (from tensorflow.python.ops.variable_scope) is deprecated and will be removed in a future version.
Instructions for updating:
non-resource variables are not supported in the long term
2023-07-12 11:21:59,836 WARNING From D:\Anaconda_Files\envs\tf-gpu\lib\site-packages\tensorflow\python\compat\v2_compat.py:107: disable_resource_variables (from tensorflow.python.ops.variable_scope) is deprecated and will be removed in a future version.
Instructions for updating:
non-resource variables are not supported in the long term
2023-07-12 11:45:59,811 WARNING From D:\Anaconda_Files\envs\tf-gpu\lib\site-packages\tensorflow\python\compat\v2_compat.py:107: disable_resource_variables (from tensorflow.python.ops.variable_scope) is deprecated and will be removed in a future version.
Instructions for updating:
non-resource variables are not supported in the long term
2023-07-12 11:49:21,227 WARNING From D:\Anaconda_Files\envs\tf-gpu\lib\site-packages\tensorflow\python\compat\v2_compat.py:107: disable_resource_variables (from tensorflow.python.ops.variable_scope) is deprecated and will be removed in a future version.
Instructions for updating:
non-resource variables are not supported in the long term
2023-07-12 11:52:36,408 WARNING From D:\Anaconda_Files\envs\tf-gpu\lib\site-packages\tensorflow\python\compat\v2_compat.py:107: disable_resource_variables (from tensorflow.python.ops.variable_scope) is deprecated and will be removed in a future version.
Instructions for updating:
non-resource variables are not supported in the long term
2023-07-12 11:57:54,423 WARNING From D:\Anaconda_Files\envs\tf-gpu\lib\site-packages\tensorflow\python\compat\v2_compat.py:107: disable_resource_variables (from tensorflow.python.ops.variable_scope) is deprecated and will be removed in a future version.
Instructions for updating:
non-resource variables are not supported in the long term
2023-07-12 12:02:38,817 WARNING From D:\Anaconda_Files\envs\tf-gpu\lib\site-packages\tensorflow\python\compat\v2_compat.py:107: disable_resource_variables (from tensorflow.python.ops.variable_scope) is deprecated and will be removed in a future version.
Instructions for updating:
non-resource variables are not supported in the long term
2023-07-12 12:03:06,853 ERROR AuthMetadataPluginCallback "<google.auth.transport.grpc.AuthMetadataPlugin object at 0x000001DEF6EFE310>" raised exception!
Traceback (most recent call last):
  File "D:\Anaconda_Files\envs\tf-gpu\lib\site-packages\urllib3\connection.py", line 174, in _new_conn
    conn = connection.create_connection(
  File "D:\Anaconda_Files\envs\tf-gpu\lib\site-packages\urllib3\util\connection.py", line 72, in create_connection
    for res in socket.getaddrinfo(host, port, family, socket.SOCK_STREAM):
  File "D:\Anaconda_Files\envs\tf-gpu\lib\socket.py", line 954, in getaddrinfo
    for res in _socket.getaddrinfo(host, port, family, type, proto, flags):
socket.gaierror: [Errno 11001] getaddrinfo failed

During handling of the above exception, another exception occurred:

Traceback (most recent call last):
  File "D:\Anaconda_Files\envs\tf-gpu\lib\site-packages\urllib3\connectionpool.py", line 703, in urlopen
    httplib_response = self._make_request(
  File "D:\Anaconda_Files\envs\tf-gpu\lib\site-packages\urllib3\connectionpool.py", line 386, in _make_request
    self._validate_conn(conn)
  File "D:\Anaconda_Files\envs\tf-gpu\lib\site-packages\urllib3\connectionpool.py", line 1042, in _validate_conn
    conn.connect()
  File "D:\Anaconda_Files\envs\tf-gpu\lib\site-packages\urllib3\connection.py", line 358, in connect
    self.sock = conn = self._new_conn()
  File "D:\Anaconda_Files\envs\tf-gpu\lib\site-packages\urllib3\connection.py", line 186, in _new_conn
    raise NewConnectionError(
urllib3.exceptions.NewConnectionError: <urllib3.connection.HTTPSConnection object at 0x000001DEF68C1970>: Failed to establish a new connection: [Errno 11001] getaddrinfo failed

During handling of the above exception, another exception occurred:

Traceback (most recent call last):
  File "D:\Anaconda_Files\envs\tf-gpu\lib\site-packages\requests\adapters.py", line 489, in send
    resp = conn.urlopen(
  File "D:\Anaconda_Files\envs\tf-gpu\lib\site-packages\urllib3\connectionpool.py", line 787, in urlopen
    retries = retries.increment(
  File "D:\Anaconda_Files\envs\tf-gpu\lib\site-packages\urllib3\util\retry.py", line 592, in increment
    raise MaxRetryError(_pool, url, error or ResponseError(cause))
urllib3.exceptions.MaxRetryError: HTTPSConnectionPool(host='oauth2.googleapis.com', port=443): Max retries exceeded with url: /token (Caused by NewConnectionError('<urllib3.connection.HTTPSConnection object at 0x000001DEF68C1970>: Failed to establish a new connection: [Errno 11001] getaddrinfo failed'))

During handling of the above exception, another exception occurred:

Traceback (most recent call last):
  File "D:\Anaconda_Files\envs\tf-gpu\lib\site-packages\google\auth\transport\requests.py", line 193, in __call__
    response = self.session.request(
  File "D:\Anaconda_Files\envs\tf-gpu\lib\site-packages\requests\sessions.py", line 587, in request
    resp = self.send(prep, **send_kwargs)
  File "D:\Anaconda_Files\envs\tf-gpu\lib\site-packages\requests\sessions.py", line 701, in send
    r = adapter.send(request, **kwargs)
  File "D:\Anaconda_Files\envs\tf-gpu\lib\site-packages\requests\adapters.py", line 565, in send
    raise ConnectionError(e, request=request)
requests.exceptions.ConnectionError: HTTPSConnectionPool(host='oauth2.googleapis.com', port=443): Max retries exceeded with url: /token (Caused by NewConnectionError('<urllib3.connection.HTTPSConnection object at 0x000001DEF68C1970>: Failed to establish a new connection: [Errno 11001] getaddrinfo failed'))

The above exception was the direct cause of the following exception:

Traceback (most recent call last):
  File "D:\Anaconda_Files\envs\tf-gpu\lib\site-packages\grpc\_plugin_wrapping.py", line 95, in __call__
    self._metadata_plugin(
  File "D:\Anaconda_Files\envs\tf-gpu\lib\site-packages\google\auth\transport\grpc.py", line 101, in __call__
    callback(self._get_authorization_headers(context), None)
  File "D:\Anaconda_Files\envs\tf-gpu\lib\site-packages\google\auth\transport\grpc.py", line 87, in _get_authorization_headers
    self._credentials.before_request(
  File "D:\Anaconda_Files\envs\tf-gpu\lib\site-packages\google\auth\credentials.py", line 134, in before_request
    self.refresh(request)
  File "D:\Anaconda_Files\envs\tf-gpu\lib\site-packages\google\oauth2\service_account.py", line 429, in refresh
    access_token, expiry, _ = _client.jwt_grant(
  File "D:\Anaconda_Files\envs\tf-gpu\lib\site-packages\google\oauth2\_client.py", line 289, in jwt_grant
    response_data = _token_endpoint_request(
  File "D:\Anaconda_Files\envs\tf-gpu\lib\site-packages\google\oauth2\_client.py", line 250, in _token_endpoint_request
    response_status_ok, response_data, retryable_error = _token_endpoint_request_no_throw(
  File "D:\Anaconda_Files\envs\tf-gpu\lib\site-packages\google\oauth2\_client.py", line 199, in _token_endpoint_request_no_throw
    request_succeeded, response_data, retryable_error = _perform_request()
  File "D:\Anaconda_Files\envs\tf-gpu\lib\site-packages\google\oauth2\_client.py", line 175, in _perform_request
    response = request(
  File "D:\Anaconda_Files\envs\tf-gpu\lib\site-packages\google\auth\transport\requests.py", line 199, in __call__
    six.raise_from(new_exc, caught_exc)
  File "<string>", line 3, in raise_from
google.auth.exceptions.TransportError: HTTPSConnectionPool(host='oauth2.googleapis.com', port=443): Max retries exceeded with url: /token (Caused by NewConnectionError('<urllib3.connection.HTTPSConnection object at 0x000001DEF68C1970>: Failed to establish a new connection: [Errno 11001] getaddrinfo failed'))
2023-07-12 12:15:05,753 WARNING Retrying (Retry(total=9, connect=1, read=0, redirect=None, status=4)) after connection broken by 'ProtocolError('Connection aborted.', ConnectionResetError(10054, 'An existing connection was forcibly closed by the remote host', None, 10054, None))': /v1/projects/server-assistivepro/accounts:batchGet?maxResults=1000
2023-07-12 12:18:18,912 WARNING From D:\Anaconda_Files\envs\tf-gpu\lib\site-packages\tensorflow\python\compat\v2_compat.py:107: disable_resource_variables (from tensorflow.python.ops.variable_scope) is deprecated and will be removed in a future version.
Instructions for updating:
non-resource variables are not supported in the long term
2023-07-12 12:22:29,377 WARNING From D:\Anaconda_Files\envs\tf-gpu\lib\site-packages\tensorflow\python\compat\v2_compat.py:107: disable_resource_variables (from tensorflow.python.ops.variable_scope) is deprecated and will be removed in a future version.
Instructions for updating:
non-resource variables are not supported in the long term
2023-07-12 12:24:57,116 WARNING From D:\Anaconda_Files\envs\tf-gpu\lib\site-packages\tensorflow\python\compat\v2_compat.py:107: disable_resource_variables (from tensorflow.python.ops.variable_scope) is deprecated and will be removed in a future version.
Instructions for updating:
non-resource variables are not supported in the long term
2023-07-12 12:27:17,453 WARNING From D:\Anaconda_Files\envs\tf-gpu\lib\site-packages\tensorflow\python\compat\v2_compat.py:107: disable_resource_variables (from tensorflow.python.ops.variable_scope) is deprecated and will be removed in a future version.
Instructions for updating:
non-resource variables are not supported in the long term
2023-07-12 12:27:30,111 WARNING From D:\Anaconda_Files\envs\tf-gpu\lib\site-packages\tensorflow\python\compat\v2_compat.py:107: disable_resource_variables (from tensorflow.python.ops.variable_scope) is deprecated and will be removed in a future version.
Instructions for updating:
non-resource variables are not supported in the long term
2023-07-12 12:41:31,511 WARNING From D:\Anaconda_Files\envs\tf-gpu\lib\site-packages\tensorflow\python\compat\v2_compat.py:107: disable_resource_variables (from tensorflow.python.ops.variable_scope) is deprecated and will be removed in a future version.
Instructions for updating:
non-resource variables are not supported in the long term
2023-07-12 12:42:02,053 WARNING From D:\Anaconda_Files\envs\tf-gpu\lib\site-packages\tensorflow\python\compat\v2_compat.py:107: disable_resource_variables (from tensorflow.python.ops.variable_scope) is deprecated and will be removed in a future version.
Instructions for updating:
non-resource variables are not supported in the long term
2023-07-12 12:42:40,269 WARNING From D:\Anaconda_Files\envs\tf-gpu\lib\site-packages\tensorflow\python\compat\v2_compat.py:107: disable_resource_variables (from tensorflow.python.ops.variable_scope) is deprecated and will be removed in a future version.
Instructions for updating:
non-resource variables are not supported in the long term
2023-07-12 12:43:34,797 WARNING From D:\Anaconda_Files\envs\tf-gpu\lib\site-packages\tensorflow\python\compat\v2_compat.py:107: disable_resource_variables (from tensorflow.python.ops.variable_scope) is deprecated and will be removed in a future version.
Instructions for updating:
non-resource variables are not supported in the long term
2023-07-12 12:44:21,656 WARNING From D:\Anaconda_Files\envs\tf-gpu\lib\site-packages\tensorflow\python\compat\v2_compat.py:107: disable_resource_variables (from tensorflow.python.ops.variable_scope) is deprecated and will be removed in a future version.
Instructions for updating:
non-resource variables are not supported in the long term
2023-07-12 12:44:54,438 WARNING From D:\Anaconda_Files\envs\tf-gpu\lib\site-packages\tensorflow\python\compat\v2_compat.py:107: disable_resource_variables (from tensorflow.python.ops.variable_scope) is deprecated and will be removed in a future version.
Instructions for updating:
non-resource variables are not supported in the long term
2023-07-12 12:49:49,522 WARNING From D:\Anaconda_Files\envs\tf-gpu\lib\site-packages\tensorflow\python\compat\v2_compat.py:107: disable_resource_variables (from tensorflow.python.ops.variable_scope) is deprecated and will be removed in a future version.
Instructions for updating:
non-resource variables are not supported in the long term
2023-07-12 12:58:05,678 WARNING From D:\Anaconda_Files\envs\tf-gpu\lib\site-packages\tensorflow\python\compat\v2_compat.py:107: disable_resource_variables (from tensorflow.python.ops.variable_scope) is deprecated and will be removed in a future version.
Instructions for updating:
non-resource variables are not supported in the long term
2023-07-12 13:08:18,454 WARNING From D:\Anaconda_Files\envs\tf-gpu\lib\site-packages\tensorflow\python\compat\v2_compat.py:107: disable_resource_variables (from tensorflow.python.ops.variable_scope) is deprecated and will be removed in a future version.
Instructions for updating:
non-resource variables are not supported in the long term
2023-07-12 13:11:27,033 WARNING From D:\Anaconda_Files\envs\tf-gpu\lib\site-packages\tensorflow\python\compat\v2_compat.py:107: disable_resource_variables (from tensorflow.python.ops.variable_scope) is deprecated and will be removed in a future version.
Instructions for updating:
non-resource variables are not supported in the long term
2023-07-12 13:11:49,012 WARNING From D:\Anaconda_Files\envs\tf-gpu\lib\site-packages\tensorflow\python\compat\v2_compat.py:107: disable_resource_variables (from tensorflow.python.ops.variable_scope) is deprecated and will be removed in a future version.
Instructions for updating:
non-resource variables are not supported in the long term
2023-07-12 13:18:14,753 WARNING From D:\Anaconda_Files\envs\tf-gpu\lib\site-packages\tensorflow\python\compat\v2_compat.py:107: disable_resource_variables (from tensorflow.python.ops.variable_scope) is deprecated and will be removed in a future version.
Instructions for updating:
non-resource variables are not supported in the long term
2023-07-12 13:18:27,141 WARNING From D:\Anaconda_Files\envs\tf-gpu\lib\site-packages\tensorflow\python\compat\v2_compat.py:107: disable_resource_variables (from tensorflow.python.ops.variable_scope) is deprecated and will be removed in a future version.
Instructions for updating:
non-resource variables are not supported in the long term
2023-07-12 13:19:03,584 WARNING From D:\Anaconda_Files\envs\tf-gpu\lib\site-packages\tensorflow\python\compat\v2_compat.py:107: disable_resource_variables (from tensorflow.python.ops.variable_scope) is deprecated and will be removed in a future version.
Instructions for updating:
non-resource variables are not supported in the long term
2023-07-12 13:19:42,725 WARNING From D:\Anaconda_Files\envs\tf-gpu\lib\site-packages\tensorflow\python\compat\v2_compat.py:107: disable_resource_variables (from tensorflow.python.ops.variable_scope) is deprecated and will be removed in a future version.
Instructions for updating:
non-resource variables are not supported in the long term
2023-07-12 13:20:41,654 WARNING From D:\Anaconda_Files\envs\tf-gpu\lib\site-packages\tensorflow\python\compat\v2_compat.py:107: disable_resource_variables (from tensorflow.python.ops.variable_scope) is deprecated and will be removed in a future version.
Instructions for updating:
non-resource variables are not supported in the long term
2023-07-12 14:15:04,419 WARNING From D:\Anaconda_Files\envs\tf-gpu\lib\site-packages\tensorflow\python\compat\v2_compat.py:107: disable_resource_variables (from tensorflow.python.ops.variable_scope) is deprecated and will be removed in a future version.
Instructions for updating:
non-resource variables are not supported in the long term
2023-07-12 14:21:29,266 WARNING From D:\Anaconda_Files\envs\tf-gpu\lib\site-packages\tensorflow\python\compat\v2_compat.py:107: disable_resource_variables (from tensorflow.python.ops.variable_scope) is deprecated and will be removed in a future version.
Instructions for updating:
non-resource variables are not supported in the long term
2023-07-12 14:24:52,440 WARNING From D:\Anaconda_Files\envs\tf-gpu\lib\site-packages\tensorflow\python\compat\v2_compat.py:107: disable_resource_variables (from tensorflow.python.ops.variable_scope) is deprecated and will be removed in a future version.
Instructions for updating:
non-resource variables are not supported in the long term
2023-07-12 19:32:09,022 WARNING From D:\Anaconda_Files\envs\tf-gpu\lib\site-packages\tensorflow\python\compat\v2_compat.py:107: disable_resource_variables (from tensorflow.python.ops.variable_scope) is deprecated and will be removed in a future version.
Instructions for updating:
non-resource variables are not supported in the long term
2023-07-12 19:33:03,818 WARNING From D:\Anaconda_Files\envs\tf-gpu\lib\site-packages\tensorflow\python\compat\v2_compat.py:107: disable_resource_variables (from tensorflow.python.ops.variable_scope) is deprecated and will be removed in a future version.
Instructions for updating:
non-resource variables are not supported in the long term
2023-07-12 19:34:42,489 WARNING From D:\Anaconda_Files\envs\tf-gpu\lib\site-packages\tensorflow\python\compat\v2_compat.py:107: disable_resource_variables (from tensorflow.python.ops.variable_scope) is deprecated and will be removed in a future version.
Instructions for updating:
non-resource variables are not supported in the long term
2023-07-12 19:36:41,618 WARNING From D:\Anaconda_Files\envs\tf-gpu\lib\site-packages\tensorflow\python\compat\v2_compat.py:107: disable_resource_variables (from tensorflow.python.ops.variable_scope) is deprecated and will be removed in a future version.
Instructions for updating:
non-resource variables are not supported in the long term
2023-07-12 19:39:41,370 WARNING From D:\Anaconda_Files\envs\tf-gpu\lib\site-packages\tensorflow\python\compat\v2_compat.py:107: disable_resource_variables (from tensorflow.python.ops.variable_scope) is deprecated and will be removed in a future version.
Instructions for updating:
non-resource variables are not supported in the long term
2023-07-12 19:43:41,934 WARNING From D:\Anaconda_Files\envs\tf-gpu\lib\site-packages\tensorflow\python\compat\v2_compat.py:107: disable_resource_variables (from tensorflow.python.ops.variable_scope) is deprecated and will be removed in a future version.
Instructions for updating:
non-resource variables are not supported in the long term
2023-07-12 19:43:57,803 WARNING From D:\Anaconda_Files\envs\tf-gpu\lib\site-packages\tensorflow\python\compat\v2_compat.py:107: disable_resource_variables (from tensorflow.python.ops.variable_scope) is deprecated and will be removed in a future version.
Instructions for updating:
non-resource variables are not supported in the long term
2023-07-12 20:05:34,249 WARNING From D:\Anaconda_Files\envs\tf-gpu\lib\site-packages\tensorflow\python\compat\v2_compat.py:107: disable_resource_variables (from tensorflow.python.ops.variable_scope) is deprecated and will be removed in a future version.
Instructions for updating:
non-resource variables are not supported in the long term
2023-07-12 20:06:46,092 WARNING From D:\Anaconda_Files\envs\tf-gpu\lib\site-packages\tensorflow\python\compat\v2_compat.py:107: disable_resource_variables (from tensorflow.python.ops.variable_scope) is deprecated and will be removed in a future version.
Instructions for updating:
non-resource variables are not supported in the long term
2023-07-12 20:09:33,906 WARNING From D:\Anaconda_Files\envs\tf-gpu\lib\site-packages\tensorflow\python\compat\v2_compat.py:107: disable_resource_variables (from tensorflow.python.ops.variable_scope) is deprecated and will be removed in a future version.
Instructions for updating:
non-resource variables are not supported in the long term
2023-07-12 20:10:04,867 WARNING From D:\Anaconda_Files\envs\tf-gpu\lib\site-packages\tensorflow\python\compat\v2_compat.py:107: disable_resource_variables (from tensorflow.python.ops.variable_scope) is deprecated and will be removed in a future version.
Instructions for updating:
non-resource variables are not supported in the long term
2023-07-12 20:12:00,013 WARNING From D:\Anaconda_Files\envs\tf-gpu\lib\site-packages\tensorflow\python\compat\v2_compat.py:107: disable_resource_variables (from tensorflow.python.ops.variable_scope) is deprecated and will be removed in a future version.
Instructions for updating:
non-resource variables are not supported in the long term
2023-07-12 20:12:57,647 WARNING From D:\Anaconda_Files\envs\tf-gpu\lib\site-packages\tensorflow\python\compat\v2_compat.py:107: disable_resource_variables (from tensorflow.python.ops.variable_scope) is deprecated and will be removed in a future version.
Instructions for updating:
non-resource variables are not supported in the long term
2023-07-12 20:18:50,645 WARNING From D:\Anaconda_Files\envs\tf-gpu\lib\site-packages\tensorflow\python\compat\v2_compat.py:107: disable_resource_variables (from tensorflow.python.ops.variable_scope) is deprecated and will be removed in a future version.
Instructions for updating:
non-resource variables are not supported in the long term
2023-07-12 20:22:13,169 WARNING From D:\Anaconda_Files\envs\tf-gpu\lib\site-packages\tensorflow\python\compat\v2_compat.py:107: disable_resource_variables (from tensorflow.python.ops.variable_scope) is deprecated and will be removed in a future version.
Instructions for updating:
non-resource variables are not supported in the long term
2023-07-12 20:22:52,637 WARNING From D:\Anaconda_Files\envs\tf-gpu\lib\site-packages\tensorflow\python\compat\v2_compat.py:107: disable_resource_variables (from tensorflow.python.ops.variable_scope) is deprecated and will be removed in a future version.
Instructions for updating:
non-resource variables are not supported in the long term
2023-07-12 20:27:03,995 WARNING From D:\Anaconda_Files\envs\tf-gpu\lib\site-packages\tensorflow\python\compat\v2_compat.py:107: disable_resource_variables (from tensorflow.python.ops.variable_scope) is deprecated and will be removed in a future version.
Instructions for updating:
non-resource variables are not supported in the long term
2023-07-12 20:49:26,032 WARNING From D:\Anaconda_Files\envs\tf-gpu\lib\site-packages\tensorflow\python\compat\v2_compat.py:107: disable_resource_variables (from tensorflow.python.ops.variable_scope) is deprecated and will be removed in a future version.
Instructions for updating:
non-resource variables are not supported in the long term
2023-07-12 20:55:50,787 WARNING From D:\Anaconda_Files\envs\tf-gpu\lib\site-packages\tensorflow\python\compat\v2_compat.py:107: disable_resource_variables (from tensorflow.python.ops.variable_scope) is deprecated and will be removed in a future version.
Instructions for updating:
non-resource variables are not supported in the long term
2023-07-12 20:59:16,475 WARNING From D:\Anaconda_Files\envs\tf-gpu\lib\site-packages\tensorflow\python\compat\v2_compat.py:107: disable_resource_variables (from tensorflow.python.ops.variable_scope) is deprecated and will be removed in a future version.
Instructions for updating:
non-resource variables are not supported in the long term
